SF:lib/util/security_helper.dart
DA:8,1
DA:9,0
DA:10,1
DA:11,1
DA:12,1
DA:20,1
DA:21,3
DA:22,1
DA:24,1
DA:25,1
DA:26,1
DA:33,1
DA:36,1
DA:37,1
DA:38,4
DA:39,1
DA:40,1
DA:43,1
DA:44,1
LF:19
LH:18
end_of_record
SF:lib/util/sleep.dart
DA:1,1
DA:2,3
LF:2
LH:2
end_of_record
SF:lib/util/task_runner.dart
DA:20,1
DA:25,2
DA:26,1
DA:27,1
DA:30,0
DA:31,0
DA:32,0
DA:35,0
DA:36,0
DA:39,3
DA:42,1
DA:43,7
DA:44,2
DA:46,1
DA:47,1
DA:48,1
DA:49,2
DA:50,4
DA:51,2
DA:52,1
DA:61,1
DA:62,2
DA:63,2
DA:64,3
DA:66,1
LF:25
LH:20
end_of_record
SF:lib/util/api_route_builder.dart
DA:28,1
DA:29,1
DA:30,4
DA:32,0
DA:34,3
DA:39,1
DA:41,3
DA:42,1
LF:8
LH:7
end_of_record
SF:lib/provider/local_ip_provider.dart
DA:13,0
DA:15,0
DA:16,0
DA:22,0
DA:24,0
DA:32,0
DA:33,0
DA:38,0
DA:42,0
DA:44,0
DA:46,0
DA:47,0
DA:50,0
DA:51,0
DA:56,0
DA:59,0
DA:62,0
DA:67,0
DA:69,0
DA:70,0
DA:76,0
DA:77,0
DA:80,0
DA:82,0
DA:85,0
DA:89,0
DA:90,0
DA:91,0
DA:93,0
DA:94,0
DA:95,0
DA:97,0
DA:101,0
DA:102,0
DA:106,2
DA:109,2
DA:110,2
DA:112,2
DA:113,2
DA:115,4
DA:118,8
DA:127,2
DA:128,4
DA:129,4
DA:130,4
DA:131,2
LF:46
LH:12
end_of_record
SF:lib/model/state/network_state.dart
DA:10,6
LF:1
LH:1
end_of_record
SF:lib/util/native/platform_check.dart
DA:4,0
DA:8,0
DA:11,0
DA:12,0
DA:16,0
DA:17,0
DA:21,0
DA:22,0
DA:26,0
DA:27,0
DA:31,0
DA:32,0
DA:36,0
DA:37,0
DA:42,0
DA:43,0
DA:47,0
DA:48,0
DA:49,0
DA:59,0
DA:60,0
LF:21
LH:0
end_of_record
SF:lib/provider/last_devices.provider.dart
DA:7,0
DA:8,0
DA:12,1
DA:13,1
DA:20,1
DA:22,1
DA:25,1
DA:26,1
DA:27,2
LF:9
LH:7
end_of_record
SF:lib/model/persistence/favorite_device.dart
DA:21,3
DA:30,0
DA:36,0
DA:37,0
LF:4
LH:1
end_of_record
SF:lib/model/persistence/receive_history_entry.dart
DA:19,2
DA:32,0
DA:33,0
DA:34,0
LF:4
LH:1
end_of_record
SF:lib/provider/persistence_provider.dart
DA:26,0
DA:70,0
DA:71,0
DA:78,1
DA:80,0
DA:83,0
DA:84,0
DA:85,0
DA:89,0
DA:91,0
DA:92,0
DA:95,0
DA:96,0
DA:97,0
DA:98,0
DA:100,0
DA:105,0
DA:107,0
DA:109,0
DA:112,0
DA:113,0
DA:116,0
DA:117,0
DA:120,0
DA:121,0
DA:124,0
DA:125,0
DA:129,0
DA:130,0
DA:135,0
DA:137,0
DA:139,0
DA:143,0
DA:146,0
DA:147,0
DA:149,0
DA:150,0
DA:151,0
DA:155,0
DA:156,0
DA:157,0
DA:160,0
DA:161,0
DA:164,1
DA:165,3
DA:166,5
DA:169,1
DA:170,5
DA:171,2
DA:174,1
DA:175,3
DA:176,5
DA:179,1
DA:180,5
DA:181,2
DA:184,1
DA:185,2
DA:188,1
DA:189,3
DA:192,1
DA:193,2
DA:196,1
DA:197,2
DA:201,4
DA:204,1
DA:205,3
DA:208,1
DA:209,2
DA:213,4
DA:216,1
DA:217,3
DA:220,1
DA:221,2
DA:225,4
DA:228,1
DA:230,2
DA:232,3
DA:236,1
DA:237,2
DA:240,1
DA:241,2
DA:244,0
DA:245,0
DA:248,0
DA:249,0
DA:252,1
DA:253,2
DA:256,1
DA:257,2
DA:260,1
DA:261,2
DA:264,1
DA:266,2
DA:268,2
DA:272,0
DA:273,0
DA:276,0
DA:277,0
DA:280,1
DA:281,2
DA:284,1
DA:285,2
DA:288,1
DA:289,2
DA:292,1
DA:293,2
DA:296,0
DA:297,0
DA:300,0
DA:301,0
DA:304,0
DA:305,0
DA:308,0
DA:309,0
DA:312,0
DA:313,0
DA:316,0
DA:317,0
DA:320,0
DA:321,0
DA:324,0
DA:325,0
DA:328,0
DA:329,0
DA:332,0
DA:333,0
DA:336,1
DA:337,6
DA:341,1
DA:342,3
DA:345,0
DA:346,0
DA:349,0
DA:350,0
DA:353,0
DA:354,0
DA:357,0
DA:358,0
DA:361,0
DA:364,0
DA:365,0
DA:366,0
DA:367,0
DA:368,0
DA:369,0
DA:371,0
DA:375,0
DA:376,0
DA:379,0
DA:380,0
DA:381,0
DA:384,0
DA:385,0
DA:388,0
DA:389,0
DA:392,0
DA:393,0
DA:396,0
DA:397,0
DA:400,0
DA:401,0
DA:404,0
DA:405,0
DA:408,0
DA:409,0
LF:165
LH:60
end_of_record
SF:lib/provider/window_dimensions_provider.dart
DA:11,0
DA:12,0
DA:21,0
DA:24,0
DA:25,0
DA:26,0
DA:27,0
DA:30,0
DA:31,0
DA:34,0
DA:36,0
DA:39,0
DA:43,0
DA:44,0
DA:46,0
DA:50,0
DA:52,0
DA:56,0
DA:60,0
DA:61,0
DA:62,0
DA:63,0
DA:65,0
DA:66,0
DA:74,0
DA:78,0
DA:79,0
DA:80,0
DA:81,0
DA:82,0
DA:86,0
DA:87,0
DA:88,0
DA:89,0
DA:93,0
DA:94,0
DA:95,0
LF:37
LH:0
end_of_record
SF:lib/util/alias_generator.dart
DA:3,1
DA:4,1
DA:7,11
DA:10,3
DA:35,3
LF:5
LH:5
end_of_record
SF:lib/util/shared_preferences_portable.dart
DA:12,0
DA:16,0
DA:17,0
DA:20,0
DA:22,0
DA:23,0
DA:26,0
DA:28,0
DA:31,0
DA:32,0
DA:33,0
DA:37,0
DA:39,0
DA:43,0
DA:45,0
DA:46,0
DA:47,0
DA:50,0
DA:52,0
DA:53,0
DA:54,0
DA:57,0
DA:58,0
DA:59,0
DA:62,0
LF:25
LH:0
end_of_record
SF:lib/util/ui/dynamic_colors.dart
DA:9,0
DA:15,0
DA:20,0
DA:22,0
DA:24,0
DA:25,0
DA:26,0
DA:27,0
DA:31,0
DA:35,0
DA:37,0
DA:38,0
DA:39,0
DA:43,0
DA:50,0
LF:15
LH:0
end_of_record
SF:lib/provider/favorites_provider.dart
DA:7,0
DA:8,0
DA:14,1
DA:16,1
DA:17,2
DA:24,1
DA:26,1
DA:28,2
DA:29,1
DA:30,1
DA:32,3
DA:41,1
DA:43,1
DA:45,7
DA:46,2
DA:48,1
DA:50,2
DA:51,1
DA:52,4
DA:53,3
DA:62,1
DA:66,1
DA:68,6
DA:69,2
DA:71,1
DA:73,2
DA:74,1
DA:75,1
DA:76,3
LF:29
LH:27
end_of_record
SF:lib/provider/receive_history_provider.dart
DA:8,0
DA:9,0
DA:10,0
DA:16,1
DA:18,1
DA:19,2
DA:34,1
DA:45,1
DA:47,3
DA:48,1
DA:51,1
DA:52,1
DA:53,1
DA:54,1
DA:55,1
DA:56,1
DA:57,1
DA:58,1
DA:59,1
DA:60,1
DA:62,1
DA:63,2
DA:64,3
DA:74,1
DA:76,1
DA:78,6
DA:79,2
DA:80,1
DA:82,3
DA:83,3
DA:91,1
DA:93,4
DA:94,1
LF:33
LH:30
end_of_record
